<?xml version="1.0" encoding="UTF-8"?>
<!-- Generated by org.testng.reporters.JUnitReportReporter -->
<testsuite hostname="DESKTOP-N1F218A" failures="0" tests="3" name="TestCases.TC1_CreateUser" time="103.409" errors="0" timestamp="2023-08-28T17:07:34 IST" skipped="0">
  <testcase classname="TestCases.TC1_CreateUser" name="CreateUsers" time="35.181"/>
  <system-out/>
  <testcase classname="TestCases.TC1_CreateUser" name="CreateUsers" time="33.589"/>
  <system-out/>
  <testcase classname="TestCases.TC1_CreateUser" name="CreateUsers" time="34.639"/>
  <system-out/>
</testsuite> <!-- TestCases.TC1_CreateUser -->
