<?xml version="1.0" encoding="UTF-8"?>
<!-- Generated by org.testng.reporters.JUnitReportReporter -->
<testsuite hostname="DESKTOP-N1F218A" failures="0" tests="3" name="TestCases.TC3_AddCourse" time="120.056" errors="0" timestamp="2023-08-28T17:07:34 IST" skipped="0">
  <testcase classname="TestCases.TC3_AddCourse" name="AddCourse" time="40.055"/>
  <system-out/>
  <testcase classname="TestCases.TC3_AddCourse" name="AddCourse" time="40.090"/>
  <system-out/>
  <testcase classname="TestCases.TC3_AddCourse" name="AddCourse" time="39.911"/>
  <system-out/>
</testsuite> <!-- TestCases.TC3_AddCourse -->
